app/build/outputs/mapping/release/seeds.txt
xyz.jessejesse.usb.twa.Application
xyz.jessejesse.usb.twa.DelegationService
xyz.jessejesse.usb.twa.LauncherActivity
xyz.jessejesse.usb.twa.Application: Application()
xyz.jessejesse.usb.twa.LauncherActivity: LauncherActivity()
xyz.jessejesse.usb.twa.DelegationService: DelegationService()
...
androidx.core.graphics.drawable.IconCompat
androidx.core.graphics.drawable.IconCompatParcelizer
androidx.lifecycle.ReflectiveGenericLifecycleObserver
android.support.v4.app.RemoteActionCompatParcelizer
androidx.browser.browseractions.BrowserActionsFallbackMenuView
androidx.lifecycle.FullLifecycleObserverAdapter
androidx.core.app.CoreComponentFactory
androidx.core.app.RemoteActionCompat
androidx.core.content.FileProvider
android.support.v4.graphics.drawable.IconCompatParcelizer
androidx.lifecycle.CompositeGeneratedAdaptersObserver
androidx.versionedparcelable.CustomVersionedParcelable
com.google.androidbrowserhelper.trusted.WebViewFallbackActivity
androidx.versionedparcelable.ParcelImpl
com.google.androidbrowserhelper.trusted.FocusActivity
com.google.androidbrowserhelper.trusted.ManageDataLauncherActivity
androidx.annotation.Keep
androidx.core.app.RemoteActionCompatParcelizer
androidx.lifecycle.SingleGeneratedAdapterObserver
com.google.androidbrowserhelper.trusted.NotificationPermissionRequestActivity
androidx.versionedparcelable.ParcelImpl: android.os.Parcelable$Creator CREATOR
com.google.androidbrowserhelper.trusted.NotificationPermissionRequestActivity: NotificationPermissionRequestActivity()
com.google.androidbrowserhelper.trusted.FocusActivity: FocusActivity()
android.support.v4.app.RemoteActionCompatParcelizer: RemoteActionCompatParcelizer()
androidx.core.app.RemoteActionCompatParcelizer: androidx.core.app.RemoteActionCompat read(androidx.versionedparcelable.VersionedParcel)
androidx.core.graphics.drawable.IconCompat: IconCompat()
com.google.androidbrowserhelper.trusted.ManageDataLauncherActivity: ManageDataLauncherActivity()
androidx.core.graphics.drawable.IconCompatParcelizer: androidx.core.graphics.drawable.IconCompat read(androidx.versionedparcelable.VersionedParcel)
androidx.browser.browseractions.BrowserActionsFallbackMenuView: BrowserActionsFallbackMenuView(android.content.Context,android.util.AttributeSet)
androidx.core.content.FileProvider: FileProvider()
android.support.v4.app.RemoteActionCompatParcelizer: androidx.core.app.RemoteActionCompat read(androidx.versionedparcelable.VersionedParcel)
android.support.v4.graphics.drawable.IconCompatParcelizer: androidx.core.graphics.drawable.IconCompat read(androidx.versionedparcelable.VersionedParcel)
androidx.core.graphics.drawable.IconCompatParcelizer: IconCompatParcelizer()
androidx.core.app.RemoteActionCompatParcelizer: void write(androidx.core.app.RemoteActionCompat,androidx.versionedparcelable.VersionedParcel)
androidx.core.app.CoreComponentFactory: CoreComponentFactory()
com.google.androidbrowserhelper.trusted.WebViewFallbackActivity: WebViewFallbackActivity()
androidx.core.graphics.drawable.IconCompatParcelizer: void write(androidx.core.graphics.drawable.IconCompat,androidx.versionedparcelable.VersionedParcel)
androidx.core.app.RemoteActionCompat: RemoteActionCompat()
android.support.v4.app.RemoteActionCompatParcelizer: void write(androidx.core.app.RemoteActionCompat,androidx.versionedparcelable.VersionedParcel)
androidx.versionedparcelable.CustomVersionedParcelable: CustomVersionedParcelable()
android.support.v4.graphics.drawable.IconCompatParcelizer: IconCompatParcelizer()
androidx.core.app.RemoteActionCompatParcelizer: RemoteActionCompatParcelizer()
android.support.v4.graphics.drawable.IconCompatParcelizer: void write(androidx.core.graphics.drawable.IconCompat,androidx.versionedparcelable.VersionedParcel)