app/build/outputs/mapping/release/mapping.txt
# compiler: R8
# compiler_version: 8.5.10
# min_api: 21
# common_typos_disable
# {"id":"com.android.tools.r8.mapping","version":"2.2"}
# pg_map_id: 5a51b94
# pg_map_hash: SHA-256 5a51b94a7daf6efba481bf375b222d9bd8fa006c37cb6adeae3360cd2958f3f7
xyz.jessejesse.usb.twa.Application -> xyz.jessejesse.usb.twa.Application:
# {"id":"sourceFile","fileName":"Application.java"}
xyz.jessejesse.usb.twa.DelegationService -> xyz.jessejesse.usb.twa.DelegationService:
# {"id":"sourceFile","fileName":"DelegationService.java"}
xyz.jessejesse.usb.twa.LauncherActivity -> xyz.jessejesse.usb.twa.LauncherActivity:
# {"id":"sourceFile","fileName":"LauncherActivity.java"}
    1:1:android.net.Uri getLaunchingUrl():0:0 -> h
...
com.google.androidbrowserhelper.trusted.QualityEnforcer -> n.B:
# {"id":"sourceFile","fileName":"QualityEnforcer.java"}
    com.google.androidbrowserhelper.trusted.QualityEnforcer$Delegate mDelegate -> a
      # {"id":"com.android.tools.r8.residualsignature","signature":"Ln/B$a;"}
    1:11:void <init>():0:0 -> <init>
    3:40:android.os.Bundle extraCallbackWithResult(java.lang.String,android.os.Bundle):0:0 -> b
    1:1:void n.QualityEnforcer.$r8$lambda$2fFOwbGjei_7umXwon5vLjU2LWQ(java.lang.String):0:0 -> g
      # {"id":"com.android.tools.r8.synthesized"}
    1:1:void n.QualityEnforcer.$r8$lambda$VgysdV0V8bu89tZ6SnL06V-pnr0(java.lang.String):0:0 -> h
      # {"id":"com.android.tools.r8.synthesized"}
    1:6:void lambda$new$0(java.lang.String):0:0 -> i
    1:18:void lambda$new$1(java.lang.String):0:0 -> j
com.google.androidbrowserhelper.trusted.QualityEnforcer$$ExternalSyntheticLambda0 -> n.z:
# {"id":"sourceFile","fileName":"R8$$SyntheticClass"}
# {"id":"com.android.tools.r8.synthesized"}
    1:1:void n.QualityEnforcer$$ExternalSyntheticLambda0.<init>():0:0 -> <init>
      # {"id":"com.android.tools.r8.synthesized"}
    1:1:void n.QualityEnforcer$$ExternalSyntheticLambda0.crash(java.lang.String):0:0 -> a
      # {"id":"com.android.tools.r8.synthesized"}
com.google.androidbrowserhelper.trusted.QualityEnforcer$$ExternalSyntheticLambda1 -> n.A:
# {"id":"sourceFile","fileName":"R8$$SyntheticClass"}
# {"id":"com.android.tools.r8.synthesized"}
    java.lang.String com.google.androidbrowserhelper.trusted.QualityEnforcer$$InternalSyntheticLambda$3$3b69d296e4617850fa0b4437bff84a5384ff1b0f4217de8559dce21e574c0196$0.f$0 -> a
      # {"id":"com.android.tools.r8.synthesized"}
    1:1:void n.QualityEnforcer$$ExternalSyntheticLambda1.<init>(java.lang.String):0:0 -> <init>
      # {"id":"com.android.tools.r8.synthesized"}
    1:1:void n.QualityEnforcer$$ExternalSyntheticLambda1.run():0:0 -> run
      # {"id":"com.android.tools.r8.synthesized"}
com.google.androidbrowserhelper.trusted.QualityEnforcer$Delegate -> n.B$a:
# {"id":"sourceFile","fileName":"QualityEnforcer.java"}
    void crash(java.lang.String) -> a
com.google.androidbrowserhelper.trusted.SharedPreferencesTokenStore -> n.C:
# {"id":"sourceFile","fileName":"SharedPreferencesTokenStore.java"}
    android.content.Context mContext -> a
    1:10:void <init>(android.content.Context):0:0 -> <init>
    1:40:void store(androidx.browser.trusted.Token):0:0 -> a
      # {"id":"com.android.tools.r8.residualsignature","signature":"(Lf/k;)V"}
    1:26:androidx.browser.trusted.Token load():0:0 -> b
      # {"id":"com.android.tools.r8.residualsignature","signature":"()Lf/k;"}
com.google.androidbrowserhelper.trusted.SharingUtils -> n.D:
# {"id":"sourceFile","fileName":"SharingUtils.java"}
    1:25:boolean isShareIntent(android.content.Intent):0:0 -> a
    1:42:java.util.List parseAcceptedTypes(java.lang.Object):0:0 -> b
    5:52:java.util.List parseFiles(org.json.JSONArray):0:0 -> c
    1:63:androidx.browser.trusted.sharing.ShareTarget parseShareTargetJson(java.lang.String):0:0 -> d
      # {"id":"com.android.tools.r8.residualsignature","signature":"(Ljava/lang/String;)Lg/b;"}
    1:57:androidx.browser.trusted.sharing.ShareData retrieveShareDataFromIntent(android.content.Intent):0:0 -> e
      # {"id":"com.android.tools.r8.residualsignature","signature":"(Landroid/content/Intent;)Lg/a;"}